[debug] [2026-02-09T09:02:56.751Z] ----------------------------------------------------------------------
[debug] [2026-02-09T09:02:56.754Z] Command:       C:\Program Files\nodejs\node.exe C:\Users\mailt\AppData\Roaming\npm\node_modules\firebase-tools\lib\bin\firebase.js init hosting
[debug] [2026-02-09T09:02:56.755Z] CLI Version:   15.5.1
[debug] [2026-02-09T09:02:56.755Z] Platform:      win32
[debug] [2026-02-09T09:02:56.755Z] Node Version:  v22.19.0
[debug] [2026-02-09T09:02:56.756Z] Time:          Mon Feb 09 2026 14:32:56 GMT+0530 (India Standard Time)
[debug] [2026-02-09T09:02:56.756Z] ----------------------------------------------------------------------
[debug] 
[info] 
     ######## #### ########  ######## ########     ###     ######  ########
     ##        ##  ##     ## ##       ##     ##  ##   ##  ##       ##
     ######    ##  ########  ######   ########  #########  ######  ######
     ##        ##  ##    ##  ##       ##     ## ##     ##       ## ##
     ##       #### ##     ## ######## ########  ##     ##  ######  ########

You're about to initialize a Firebase project in this directory:

  D:\SinggaOfficial

[info] 
=== Project Setup
[info] 
[info] First, let's associate this project directory with a Firebase project.
[info] You can create multiple project aliases by running firebase use --add, 
[info] 
[info] i  If you want to create a project in a Google Cloud organization or folder, please use "firebase projects:create" instead, and return to this command when you've created the project. 
[debug] [2026-02-09T09:03:06.277Z] > command requires scopes: ["email","openid","https://www.googleapis.com/auth/cloudplatformprojects.readonly","https://www.googleapis.com/auth/firebase","https://www.googleapis.com/auth/cloud-platform"]
[debug] [2026-02-09T09:03:06.277Z] > authorizing via signed-in user (rahulsharma292948@gmail.com)
[debug] [2026-02-09T09:03:15.083Z] Checked if tokens are valid: true, expires at: 1770631347891
[debug] [2026-02-09T09:03:15.083Z] Checked if tokens are valid: true, expires at: 1770631347891
[debug] [2026-02-09T09:03:15.085Z] >>> [apiv2][query] POST https://firebase.googleapis.com/v1/projects:checkProjectId [none]
[debug] [2026-02-09T09:03:15.085Z] >>> [apiv2][body] POST https://firebase.googleapis.com/v1/projects:checkProjectId {"proposedId":"singademo"}
[debug] [2026-02-09T09:03:15.715Z] <<< [apiv2][status] POST https://firebase.googleapis.com/v1/projects:checkProjectId 200
[debug] [2026-02-09T09:03:15.715Z] <<< [apiv2][body] POST https://firebase.googleapis.com/v1/projects:checkProjectId {"projectIdStatus":"PROJECT_ID_UNAVAILABLE","suggestedProjectId":"singademo-1024a"}
[debug] [2026-02-09T09:03:18.606Z] Checked if tokens are valid: true, expires at: 1770631347891
[debug] [2026-02-09T09:03:18.607Z] Checked if tokens are valid: true, expires at: 1770631347891
[debug] [2026-02-09T09:03:18.607Z] >>> [apiv2][query] POST https://firebase.googleapis.com/v1/projects:checkProjectId [none]
[debug] [2026-02-09T09:03:18.608Z] >>> [apiv2][body] POST https://firebase.googleapis.com/v1/projects:checkProjectId {"proposedId":"singademo12"}
[debug] [2026-02-09T09:03:19.015Z] <<< [apiv2][status] POST https://firebase.googleapis.com/v1/projects:checkProjectId 200
[debug] [2026-02-09T09:03:19.015Z] <<< [apiv2][body] POST https://firebase.googleapis.com/v1/projects:checkProjectId {"projectIdStatus":"PROJECT_ID_AVAILABLE","suggestedProjectId":"singademo12"}
[debug] [2026-02-09T09:03:37.452Z] Checked if tokens are valid: true, expires at: 1770631347891
[debug] [2026-02-09T09:03:37.452Z] Checked if tokens are valid: true, expires at: 1770631347891
[debug] [2026-02-09T09:03:37.452Z] >>> [apiv2][query] POST https://cloudresourcemanager.googleapis.com/v1/projects [none]
[debug] [2026-02-09T09:03:37.452Z] >>> [apiv2][body] POST https://cloudresourcemanager.googleapis.com/v1/projects {"projectId":"singademo12","name":"singaofficaldemo"}
[debug] [2026-02-09T09:03:39.204Z] <<< [apiv2][status] POST https://cloudresourcemanager.googleapis.com/v1/projects 200
[debug] [2026-02-09T09:03:39.204Z] <<< [apiv2][body] POST https://cloudresourcemanager.googleapis.com/v1/projects {"name":"operations/create_project.global.8164436761778646712"}
[debug] [2026-02-09T09:03:39.205Z] Checked if tokens are valid: true, expires at: 1770631347891
[debug] [2026-02-09T09:03:39.205Z] Checked if tokens are valid: true, expires at: 1770631347891
[debug] [2026-02-09T09:03:39.206Z] >>> [apiv2][query] GET https://cloudresourcemanager.googleapis.com/v1/operations/create_project.global.8164436761778646712 [none]
[debug] [2026-02-09T09:03:40.690Z] <<< [apiv2][status] GET https://cloudresourcemanager.googleapis.com/v1/operations/create_project.global.8164436761778646712 200
[debug] [2026-02-09T09:03:40.690Z] <<< [apiv2][body] GET https://cloudresourcemanager.googleapis.com/v1/operations/create_project.global.8164436761778646712 {"name":"operations/create_project.global.8164436761778646712","metadata":{"@type":"type.googleapis.com/google.cloudresourcemanager.v1.ProjectCreationStatus","gettable":true,"ready":true},"done":true,"response":{"@type":"type.googleapis.com/google.cloudresourcemanager.v1.Project","projectNumber":"1040486778531","projectId":"singademo12","lifecycleState":"ACTIVE","name":"singaofficaldemo","createTime":"2026-02-09T09:03:40.167895Z"}}
[debug] [2026-02-09T09:03:40.691Z] Checked if tokens are valid: true, expires at: 1770631347891
[debug] [2026-02-09T09:03:40.691Z] Checked if tokens are valid: true, expires at: 1770631347891
[debug] [2026-02-09T09:03:40.692Z] >>> [apiv2][query] POST https://firebase.googleapis.com/v1beta1/projects/singademo12:addFirebase [none]
[debug] [2026-02-09T09:03:42.013Z] <<< [apiv2][status] POST https://firebase.googleapis.com/v1beta1/projects/singademo12:addFirebase 403
[debug] [2026-02-09T09:03:42.013Z] <<< [apiv2][body] POST https://firebase.googleapis.com/v1beta1/projects/singademo12:addFirebase {"error":{"code":403,"message":"The caller does not have permission","status":"PERMISSION_DENIED"}}
[debug] [2026-02-09T09:03:42.014Z] Request to https://firebase.googleapis.com/v1beta1/projects/singademo12:addFirebase had HTTP Error: 403, The caller does not have permission
[debug] [2026-02-09T09:03:42.165Z] FirebaseError: Request to https://firebase.googleapis.com/v1beta1/projects/singademo12:addFirebase had HTTP Error: 403, The caller does not have permission
    at responseToError (C:\Users\mailt\AppData\Roaming\npm\node_modules\firebase-tools\lib\responseToError.js:53:12)
    at RetryOperation._fn (C:\Users\mailt\AppData\Roaming\npm\node_modules\firebase-tools\lib\apiv2.js:330:77)
    at process.processTicksAndRejections (node:internal/process/task_queues:105:5)
[error] 
[error] Error: Failed to add Firebase to Google Cloud Platform project. See firebase-debug.log for more info.
